<?xml version="1.0" encoding="UTF-8"?>
<testng-results ignored="0" total="1" passed="1" failed="0" skipped="0">
  <reporter-output>
  </reporter-output>
  <suite started-at="2022-06-16T23:07:40 CDT" name="Default suite" finished-at="2022-06-16T23:07:52 CDT" duration-ms="11362">
    <groups>
    </groups>
    <test started-at="2022-06-16T23:07:40 CDT" name="Default test" finished-at="2022-06-16T23:07:52 CDT" duration-ms="11362">
      <class name="concept_selenium.Print_link">
        <test-method signature="printlink()[pri:0, instance:concept_selenium.Print_link@7db12bb6]" started-at="2022-06-16T23:07:40 CDT" name="printlink" finished-at="2022-06-16T23:07:52 CDT" duration-ms="11247" status="PASS">
          <reporter-output>
          </reporter-output>
        </test-method> <!-- printlink -->
      </class> <!-- concept_selenium.Print_link -->
    </test> <!-- Default test -->
  </suite> <!-- Default suite -->
</testng-results>
